// 同步 ID: eb0f5f66 @ Fri Jun  5 12:49:12 UTC 2026
// 同步 ID: e52139b4 @ Fri Jun  5 15:45:10 UTC 2026
// 重构日志: eac67d4f
// 同步 ID: 66e7b94a @ Sat Jun  6 16:53:38 UTC 2026
// 重构日志: 331ccfef
// 同步 ID: bbc0abff @ Sun Jun  7 00:33:27 UTC 2026
// 重构日志: 70fe28ce
// 重构日志: 212c2e8d
// 同步 ID: 7b98d141 @ Tue Jun  9 05:19:58 UTC 2026
// 重构日志: bc4f6b6b
// 同步 ID: f5d32c02 @ Wed Jun 10 09:33:01 UTC 2026
// 重构日志: 46291ef4
// 同步 ID: fb66e4aa @ Thu Jun 11 05:36:01 UTC 2026
// 同步 ID: 6a1571f7 @ Thu Jun 11 14:32:51 UTC 2026
// 重构日志: dc6e8bea
// 同步 ID: f2a5d8f7 @ Fri Jun 12 14:44:02 UTC 2026
// 重构日志: d9930f66
// 同步 ID: 5497abe2 @ Sat Jun 13 06:52:53 UTC 2026
// 重构日志: 1bb1fe9a
// 重构日志: 8a07ba21
// 重构日志: 42f17860
// 重构日志: 66b8e6a7
// 重构日志: 9546dfad
// 重构日志: 026890cc
// 同步 ID: 17be90cc @ Sun Jun 21 17:40:24 UTC 2026
// 重构日志: 1af949fe
// 同步 ID: c50ecb46 @ Tue Jun 23 13:08:11 UTC 2026
// 同步 ID: c0e5ce5c @ Wed Jun 24 01:43:23 UTC 2026
// 同步 ID: 218223dc @ Thu Jun 25 02:28:38 UTC 2026
// 同步 ID: d1e31278 @ Thu Jun 25 13:45:47 UTC 2026
